Testing /scratch/wip/guile2/work/guile-2.0.11/meta/guile ...
with GUILE_LOAD_PATH=/scratch/wip/guile2/work/guile-2.0.11/test-suite
Running 00-initial-env.test
Running 00-socket.test
Running alist.test
Running and-let-star.test
Running arbiters.test
Running arrays.test
Running asm-to-bytecode.test
Running bit-operations.test
Running bitvectors.test
Running brainfuck.test
Running bytevectors.test
Running c-api.test
Running chars.test
Running coding.test
Running common-list.test
Running compiler.test
Running continuations.test
Running control.test
Running coverage.test
Running cse.test
Running curried-definitions.test
Running ecmascript.test
Running elisp-compiler.test
WARNING: (language elisp runtime function-slot): imported module (language elisp compile-tree-il) overrides core binding `if'
WARNING: (language elisp runtime function-slot): imported module (language elisp compile-tree-il) overrides core binding `let'
WARNING: (language elisp runtime function-slot): imported module (language elisp compile-tree-il) overrides core binding `let*'
WARNING: (language elisp runtime function-slot): imported module (language elisp compile-tree-il) overrides core binding `while'
WARNING: (language elisp runtime function-slot): imported module (language elisp compile-tree-il) overrides core binding `defmacro'
WARNING: (language elisp runtime function-slot): imported module (language elisp compile-tree-il) overrides core binding `quote'
WARNING: (language elisp runtime function-slot): imported module (language elisp runtime macros) overrides core binding `lambda'
WARNING: (language elisp runtime function-slot): imported module (language elisp runtime macros) overrides core binding `when'
WARNING: (language elisp runtime function-slot): imported module (language elisp runtime macros) overrides core binding `unless'
WARNING: (language elisp runtime function-slot): imported module (language elisp runtime macros) overrides core binding `cond'
WARNING: (language elisp runtime function-slot): imported module (language elisp runtime macros) overrides core binding `and'
WARNING: (language elisp runtime function-slot): imported module (language elisp runtime macros) overrides core binding `or'
WARNING: (language elisp runtime function-slot): imported module (language elisp runtime macros) overrides core binding `catch'
WARNING: (language elisp runtime function-slot): imported module (language elisp runtime subrs) overrides core binding `='
WARNING: (language elisp runtime function-slot): imported module (language elisp runtime subrs) overrides core binding `<'
WARNING: (language elisp runtime function-slot): imported module (language elisp runtime subrs) overrides core binding `<='
WARNING: (language elisp runtime function-slot): imported module (language elisp runtime subrs) overrides core binding `>'
WARNING: (language elisp runtime function-slot): imported module (language elisp runtime subrs) overrides core binding `>='
WARNING: (language elisp runtime function-slot): imported module (language elisp runtime subrs) overrides core binding `max'
WARNING: (language elisp runtime function-slot): imported module (language elisp runtime subrs) overrides core binding `min'
WARNING: (language elisp runtime function-slot): imported module (language elisp runtime subrs) overrides core binding `abs'
WARNING: (language elisp runtime function-slot): imported module (language elisp runtime subrs) overrides core binding `#{1+}#'
WARNING: (language elisp runtime function-slot): imported module (language elisp runtime subrs) overrides core binding `#{1-}#'
WARNING: (language elisp runtime function-slot): imported module (language elisp runtime subrs) overrides core binding `+'
WARNING: (language elisp runtime function-slot): imported module (language elisp runtime subrs) overrides core binding `-'
WARNING: (language elisp runtime function-slot): imported module (language elisp runtime subrs) overrides core binding `*'
WARNING: (language elisp runtime function-slot): imported module (language elisp runtime subrs) overrides core binding `car'
WARNING: (language elisp runtime function-slot): imported module (language elisp runtime subrs) overrides core binding `cdr'
WARNING: (language elisp runtime function-slot): imported module (language elisp runtime subrs) overrides core binding `length'
WARNING: (language elisp runtime function-slot): imported module (language elisp runtime subrs) overrides core binding `cons'
WARNING: (language elisp runtime function-slot): imported module (language elisp runtime subrs) overrides core binding `list'
WARNING: (language elisp runtime function-slot): imported module (language elisp runtime subrs) overrides core binding `make-list'
WARNING: (language elisp runtime function-slot): imported module (language elisp runtime subrs) overrides core binding `append'
WARNING: (language elisp runtime function-slot): imported module (language elisp runtime subrs) overrides core binding `reverse'
WARNING: (language elisp runtime function-slot): imported module (language elisp runtime subrs) overrides core binding `copy-tree'
WARNING: (language elisp runtime function-slot): imported module (language elisp runtime subrs) overrides core binding `apply'
WARNING: (language elisp runtime function-slot): imported module (language elisp runtime subrs) overrides core binding `throw'
WARNING: (language elisp runtime function-slot): imported module (language elisp runtime subrs) overrides core binding `not'
WARNING: (language elisp runtime function-slot): imported module (language elisp runtime subrs) overrides core binding `eval'
WARNING: (language elisp runtime function-slot): imported module (language elisp runtime subrs) overrides core binding `load'
UNRESOLVED: elisp-compiler.test: Exceptions: catch and throw
UNRESOLVED: elisp-compiler.test: Exceptions: unwind-protect
UNRESOLVED: elisp-compiler.test: Equivalence Predicates: eq
Running elisp-reader.test
Running elisp.test
Running encoding-escapes.test
FAIL: encoding-escapes.test: display output errors: ultima
FAIL: encoding-escapes.test: display output errors: Rashomon
FAIL: encoding-escapes.test: display output errors: tekniko
FAIL: encoding-escapes.test: display output escapes: ultima
FAIL: encoding-escapes.test: display output escapes: Rashomon
FAIL: encoding-escapes.test: display output escapes: fake escape
UNRESOLVED: encoding-escapes.test: input escapes: ?ltima
UNRESOLVED: encoding-escapes.test: input escapes: ???
Running encoding-iso88591.test
FAIL: encoding-iso88591.test: characters: display alpha
FAIL: encoding-iso88591.test: characters: display Cherokee a
FAIL: encoding-iso88591.test: characters: write A followed by combining accent
FAIL: encoding-iso88591.test: output errors: char 256
Running encoding-iso88597.test
FAIL: encoding-iso88597.test: characters: display A acute
FAIL: encoding-iso88597.test: characters: display Cherokee A
FAIL: encoding-iso88597.test: output errors: char #x0400
Running encoding-utf8.test
Running eval-string.test
Running eval.test
Running exceptions.test
Running filesys.test
UNRESOLVED: filesys.test: sendfile: pipe
UNRESOLVED: filesys.test: sendfile: pipe with offset
Running fluids.test
UNRESOLVED: fluids.test: initial fluid values: initial value is inherited from parent thread
UNRESOLVED: fluids.test: fluid values are thread-local
Running foreign.test
Running format.test
Running fractions.test
Running ftw.test
Running future.test
Running gc.test
Running getopt-long.test
Running goops.test
Running guardians.test
UNRESOLVED: guardians.test: g2-garbage saved
Running hash.test
Running hooks.test
Running i18n.test
UNRESOLVED: i18n.test: text collation (French): string-locale<?
UNRESOLVED: i18n.test: text collation (French): char-locale<?
UNRESOLVED: i18n.test: text collation (French): string-locale-ci=?
UNRESOLVED: i18n.test: text collation (French): string-locale-ci=? (2 args, wide strings)
UNRESOLVED: i18n.test: text collation (French): string-locale-ci=? (3 args, wide strings)
UNRESOLVED: i18n.test: text collation (French): string-locale-ci<>?
UNRESOLVED: i18n.test: text collation (French): string-locale-ci<>? (wide strings)
UNRESOLVED: i18n.test: text collation (French): string-locale-ci<>? (wide and narrow strings)
UNRESOLVED: i18n.test: text collation (French): char-locale-ci<>?
UNRESOLVED: i18n.test: text collation (French): char-locale-ci<>? (wide)
FAIL: i18n.test: character mapping: char-locale-upcase Turkish
FAIL: i18n.test: character mapping: char-locale-downcase Turkish
FAIL: i18n.test: string mapping: string-locale-upcase Turkish
FAIL: i18n.test: string mapping: string-locale-downcase Turkish
UNRESOLVED: i18n.test: number parsing: locale-string->inexact (French)
UNRESOLVED: i18n.test: nl-langinfo et al.: locale-day (French)
UNRESOLVED: i18n.test: nl-langinfo et al.: locale-day (French, using `%global-locale')
UNRESOLVED: i18n.test: nl-langinfo et al.: default locale
UNRESOLVED: i18n.test: number->locale-string: French: integer
UNRESOLVED: i18n.test: number->locale-string: French: fraction
UNRESOLVED: i18n.test: number->locale-string: French: fraction, 1 digit
UNRESOLVED: i18n.test: format ~h: French: 12345.5678
UNRESOLVED: i18n.test: format ~h: English: 12345.5678
UNRESOLVED: i18n.test: monetary-amount->locale-string: French: integer
UNRESOLVED: i18n.test: monetary-amount->locale-string: French: fraction
Running iconv.test
FAIL: iconv.test: narrow non-ascii string: encode latin1 as ascii
FAIL: iconv.test: wide non-ascii string: encode as ascii
FAIL: iconv.test: wide non-ascii string: encode as latin1
Running import.test
Running interp.test
Running keywords.test
Running list.test
Running load.test
Running match.test
Running modules.test
Running net-db.test
Running numbers.test
Running optargs.test
Running options.test
Running pairs.test
Running parameters.test
Running peval.test
Running poe.test
Running popen.test
Running ports.test
FAIL: ports.test: string ports: wrong encoding, error
FAIL: ports.test: string ports: wrong encoding, escape
Running posix.test
UNRESOLVED: posix.test: affinity: getaffinity
UNRESOLVED: posix.test: affinity: setaffinity
In execvp of something-that-does-not-exist: No such file or directory
Running print.test
FAIL: print.test: truncated-print: (equal? (tprint exp 15 ISO-8859-1) (a b # f . g))
FAIL: print.test: truncated-print: (equal? (tprint exp 18 ISO-8859-1) (a b #(c ...) . #))
FAIL: print.test: truncated-print: (equal? (tprint The quick brown fox 20 ISO-8859-1) "The quick brown...")
FAIL: print.test: truncated-print: (equal? (tprint (current-module) 20 ISO-8859-1) #<directory (tes...>)
Running procprop.test
Running procs.test
Running q.test
Running r4rs.test
Running r5rs_pitfall.test
Running r6rs-arithmetic-bitwise.test
Running r6rs-arithmetic-fixnums.test
UNRESOLVED: r6rs-arithmetic-fixnums.test: fx+/carry: simple
UNRESOLVED: r6rs-arithmetic-fixnums.test: fx-/carry: simple
UNRESOLVED: r6rs-arithmetic-fixnums.test: fx*/carry: simple
Running r6rs-arithmetic-flonums.test
Running r6rs-base.test
Running r6rs-conditions.test
Running r6rs-control.test
Running r6rs-enums.test
Running r6rs-eval.test
Running r6rs-exceptions.test
Running r6rs-files.test
Running r6rs-hashtables.test
Running r6rs-lists.test
Running r6rs-ports.test
FAIL: r6rs-ports.test: 8.2.6  Input and output ports: transcoded-port, output [error handling mode = raise]
FAIL: r6rs-ports.test: 8.2.12 Textual Output: encoding error: put-char
FAIL: r6rs-ports.test: 8.2.12 Textual Output: encoding error: put-string
Running r6rs-records-inspection.test
Running r6rs-records-procedural.test
Running r6rs-records-syntactic.test
Running r6rs-unicode.test
UNRESOLVED: r6rs-unicode.test: string-foldcase: case folding expands string
Running ramap.test
Running rdelim.test
Running reader.test
FAIL: reader.test: read-options: r6rs-hex-escapes: display R6RS string escapes
Running receive.test
Running records.test
UNRESOLVED: records.test: records: printer: f??
Running regexp.test
UNRESOLVED: regexp.test: nonascii locales: match structures refer to char offsets
UNRESOLVED: regexp.test: nonascii locales: match structures refer to char offsets, non-ASCII pattern
Running rnrs-libraries.test
Running session.test
Running signals.test
Running sort.test
Running srcprop.test
UNRESOLVED: srcprop.test: set-source-property!: setting the breakpoint property works
UNRESOLVED: srcprop.test: set-source-properties!: setting the breakpoint property works
Running srfi-1.test
Running srfi-10.test
Running srfi-105.test
Running srfi-11.test
Running srfi-111.test
Running srfi-13.test
Running srfi-14.test
Running srfi-17.test
Running srfi-18.test
Running srfi-19.test
Running srfi-26.test
Running srfi-27.test
Running srfi-31.test
Running srfi-34.test
Running srfi-35.test
Running srfi-37.test
Running srfi-38.test
Running srfi-39.test
Running srfi-4.test
Running srfi-41.test
Running srfi-42.test
Running srfi-43.test
Running srfi-45.test
Running srfi-6.test
Running srfi-60.test
Running srfi-64.test
Running srfi-67.test
Running srfi-69.test
Running srfi-88.test
Running srfi-9.test
Running srfi-98.test
Running statprof.test
Running streams.test
Running strings.test
Running structs.test
Running sxml.fold.test
Running sxml.match.test
Running sxml.simple.test
Running sxml.ssax.test
;;; SSAX warning: Skipping PI: xml

;;; SSAX warning: Skipping PI: PI

;;; SSAX warning: Skipping PI: PI1

;;; SSAX warning: (
 Warning:  DOCTYPE DECL  T   system1  found and skipped)
;;; SSAX warning: (
 Warning:  Internal DTD subset is not currently handled )
;;; SSAX warning: (
 Warning:  DOCTYPE DECL  T   system1  found and skipped)
;;; SSAX warning: Skipping PI: pi

;;; SSAX warning: DOCTYPE DECL T system1 found and skipped
Running sxml.transform.test
Running sxml.xpath.test
WARNING: (test-suite sxml-xpath): imported module (sxml xpath) overrides core binding `filter'
Running symbols.test
Running syncase.test
Running syntax.test
UNRESOLVED: syntax.test: letrec: bindings: initial bindings are undefined
UNRESOLVED: syntax.test: letrec*: bindings: initial bindings are undefined
Running texinfo.docbook.test
Running texinfo.serialize.test
Running texinfo.string-utils.test
Running texinfo.test
Running threads.test
Running time.test
Running tree-il.test
UNRESOLVED: tree-il.test: warnings: unused-toplevel: used by macro
Running types.test
Running vectors.test
Running version.test
UNRESOLVED: version.test: version reporting works
Running vlist.test
Running weaks.test
Running web-client.test
Running web-http.test
Running web-request.test
Running web-response.test
Running web-uri.test

Totals for this test run:
passes:                 40531
failures:               30
unexpected passes:      0
expected failures:      9
unresolved test cases:  46
untested test cases:    1
unsupported test cases: 16
errors:                 0

FAIL: check-guile
==================================
1 of 1 test failed
Please report to bug-guile@gnu.org
==================================
Makefile:1921: recipe for target 'check-TESTS' failed
gmake[3]: *** [check-TESTS] Error 1
gmake[3]: Leaving directory '/scratch/wip/guile2/work/guile-2.0.11'
Makefile:2204: recipe for target 'check-am' failed
gmake[2]: *** [check-am] Error 2
gmake[2]: Leaving directory '/scratch/wip/guile2/work/guile-2.0.11'
Makefile:1821: recipe for target 'check-recursive' failed
gmake[1]: *** [check-recursive] Error 1
gmake[1]: Leaving directory '/scratch/wip/guile2/work/guile-2.0.11'
Makefile:2206: recipe for target 'check' failed
gmake: *** [check] Error 2
*** Error code 2
