PkgSrc build fails
------------------

- calcurse defines ``UP`` for an arrow key, which clashes with ``UP`` in
  *termcap*. I don't know, why ``/usr/include/termcap.h`` is included. Maybe it
  should be ``/usr/pkg/include/ncurses/termcap.h`` instead? But there is also ``UP`` defined...

  End of the output of the unsuccessful build::

    ===> Building for calcurse-2.8
    /usr/pkg/bin/gmake  all-recursive
    gmake[1]: Entering directory `/usr/pkgsrc/wip/calcurse-2.8/work/calcurse-2.8'
    Making all in po
    gmake[2]: Entering directory `/usr/pkgsrc/wip/calcurse-2.8/work/calcurse-2.8/po'
    gmake[2]: Leaving directory `/usr/pkgsrc/wip/calcurse-2.8/work/calcurse-2.8/po'
    Making all in src
    gmake[2]: Entering directory `/usr/pkgsrc/wip/calcurse-2.8/work/calcurse-2.8/src'
    if cc -DLOCALEDIR=\"/usr/pkg/share/locale\" -DHAVE_CONFIG_H -I. -I. -I..     -O2 -Wall -MT calcurse.o -MD -MP -MF ".deps/calcurse.Tpo" -c -o calcurse.o calcurse.c; \
	    then mv -f ".deps/calcurse.Tpo" ".deps/calcurse.Po"; else rm -f ".deps/calcurse.Tpo"; exit 1; fi
    if cc -DLOCALEDIR=\"/usr/pkg/share/locale\" -DHAVE_CONFIG_H -I. -I. -I..     -O2 -Wall -MT apoint.o -MD -MP -MF ".deps/apoint.Tpo" -c -o apoint.o apoint.c; \
	    then mv -f ".deps/apoint.Tpo" ".deps/apoint.Po"; else rm -f ".deps/apoint.Tpo"; exit 1; fi
    In file included from calcurse.c:41:
    calcurse.h:524: error: 'UP' redeclared as different kind of symbol
    /usr/include/termcap.h:69: error: previous declaration of 'UP' was here
    gmake[2]: *** [calcurse.o] Error 1
    gmake[2]: *** Waiting for unfinished jobs....
    In file included from apoint.c:44:
    calcurse.h:524: error: 'UP' redeclared as different kind of symbol
    /usr/include/termcap.h:69: error: previous declaration of 'UP' was here
    gmake[2]: *** [apoint.o] Error 1
    gmake[2]: Leaving directory `/usr/pkgsrc/wip/calcurse-2.8/work/calcurse-2.8/src'
    gmake[1]: *** [all-recursive] Error 1
    gmake[1]: Leaving directory `/usr/pkgsrc/wip/calcurse-2.8/work/calcurse-2.8'
    gmake: *** [all] Error 2
    *** Error code 2

    Stop.
    make: stopped in /usr/pkgsrc/wip/calcurse-2.8
    *** Error code 1

    Stop.
    make: stopped in /usr/pkgsrc/wip/calcurse-2.8

- however a regular build works (we need the ``-I`` flags because *ncursesw* is
  find first and it needs other includes from *ncurses*)::

    cd calcurse-2.8

    ./configure CPPFLAGS="-I/usr/pkg/include -I/usr/pkg/include/ncurses" LDFLAGS="-L/usr/pkg/lib -R/usr/pkg/lib"

    gmake
